
Showing logs for build [32mjmoliva-environment-jx-v3-stagi-rfnvp-1[0m stage [32mfrom-build-pack[0m and container [32mstep-credential-initializer-j7699[0m
{"level":"warn","ts":1585927710.8573468,"logger":"fallback-logger","caller":"logging/config.go:69","msg":"Fetch GitHub commit ID from kodata failed: \"ref: refs/heads/0.8.0-**-support-backwards-incompats\" is not a valid GitHub commit ID"}
{"level":"info","ts":1585927710.8581862,"logger":"fallback-logger","caller":"creds-init/main.go:40","msg":"Credentials initialized."}

Showing logs for build [32mjmoliva-environment-jx-v3-stagi-rfnvp-1[0m stage [32mfrom-build-pack[0m and container [32mstep-working-dir-initializer-b4scn[0m
{"level":"warn","ts":1585927711.7723606,"logger":"fallback-logger","caller":"logging/config.go:69","msg":"Fetch GitHub commit ID from kodata failed: open /var/run/ko/HEAD: no such file or directory"}
{"level":"info","ts":1585927711.7741225,"logger":"fallback-logger","caller":"bash/main.go:64","msg":"Successfully executed command \"sh -c mkdir -p /workspace/source\"; output "}

Showing logs for build [32mjmoliva-environment-jx-v3-stagi-rfnvp-1[0m stage [32mfrom-build-pack[0m and container [32mstep-place-tools[0m

Showing logs for build [32mjmoliva-environment-jx-v3-stagi-rfnvp-1[0m stage [32mfrom-build-pack[0m and container [32mstep-git-source-jmoliva-environment-jx-v3-stagi-rfnvp-l9h55[0m
{"level":"warn","ts":1585927715.8429399,"logger":"fallback-logger","caller":"logging/config.go:69","msg":"Fetch GitHub commit ID from kodata failed: \"ref: refs/heads/0.8.0-**-support-backwards-incompats\" is not a valid GitHub commit ID"}
{"level":"info","ts":1585927716.962048,"logger":"fallback-logger","caller":"git/git.go:103","msg":"Successfully cloned https://github.com/*******/environment-**-v3-staging.git @ master in path /workspace/source"}

Showing logs for build [32mjmoliva-environment-jx-v3-stagi-rfnvp-1[0m stage [32mfrom-build-pack[0m and container [32mstep-git-merge[0m
Using SHAs from PULL_REFS=master:a57e89dc181b155f981a53c33e5cb43062828bd8,6:ff62a4a81a69b9e1655c6594f2559b86112b168e
DEBUG: LC_ALL=C JX_LOG_LEVEL=error git fetch origin --unshallow ff62a4a81a69b9e1655c6594f2559b86112b168e: a57e89dc181b155f981a53c33e5cb43062828bd8:
DEBUG: ran git fetch --unshallow origin ff62a4a81a69b9e1655c6594f2559b86112b168e: a57e89dc181b155f981a53c33e5cb43062828bd8: in 
DEBUG: LC_ALL=C JX_LOG_LEVEL=error git branch
DEBUG: LC_ALL=C JX_LOG_LEVEL=error git checkout master
DEBUG: ran git checkout master in 
DEBUG: LC_ALL=C JX_LOG_LEVEL=error git reset --hard a57e89dc181b155f981a53c33e5cb43062828bd8
DEBUG: ran git reset --hard a57e89dc181b155f981a53c33e5cb43062828bd8 in 
DEBUG: LC_ALL=C JX_LOG_LEVEL=error git clean -fd .
DEBUG: ran clean --force -d . in 
DEBUG: LC_ALL=C JX_LOG_LEVEL=error git merge ff62a4a81a69b9e1655c6594f2559b86112b168e
DEBUG: ran git merge ff62a4a81a69b9e1655c6594f2559b86112b168e in 
DEBUG: LC_ALL=C JX_LOG_LEVEL=error git log --format=%H%x1f%an%x1f%ae%x1f%cn%x1f%ce%x1f%s%n%b%x1e a57e89dc181b155f981a53c33e5cb43062828bd8..HEAD
Merged SHA ff62a4a81a69b9e1655c6594f2559b86112b168e with commit message 'chore: Promote qs-**-v3 to version 0.0.8' into base branch master

Showing logs for build [32mjmoliva-environment-jx-v3-stagi-rfnvp-1[0m stage [32mfrom-build-pack[0m and container [32mstep-build-helm-build[0m
WARNING: No $CHART_REPOSITORY defined so using the default value of: http://jenkins-x-chartmuseum:8080
Adding missing Helm repo: storage.googleapis.com https://storage.googleapis.com/chartmuseum.jenkins-x.io
Successfully added Helm repository storage.googleapis.com.
Adding missing Helm repo: jenkins-x-chartmuseum http://jenkins-x-chartmuseum:8080
Successfully added Helm repository jenkins-x-chartmuseum.
WARNING: No $CHART_REPOSITORY defined so using the default value of: http://jenkins-x-chartmuseum:8080
Adding missing Helm repo: chartmuseum.jenkins-x.io http://chartmuseum.jenkins-x.io
Successfully added Helm repository chartmuseum.jenkins-x.io.
