
Showing logs for build [32mjmoliva-environment-jx-v3-stagi-s974h-1[0m stage [32mfrom-build-pack[0m and container [32mstep-credential-initializer-pdnln[0m
{"level":"warn","ts":1585930507.5076516,"logger":"fallback-logger","caller":"logging/config.go:69","msg":"Fetch GitHub commit ID from kodata failed: \"ref: refs/heads/0.8.0-**-support-backwards-incompats\" is not a valid GitHub commit ID"}
{"level":"info","ts":1585930507.5083122,"logger":"fallback-logger","caller":"creds-init/main.go:40","msg":"Credentials initialized."}

Showing logs for build [32mjmoliva-environment-jx-v3-stagi-s974h-1[0m stage [32mfrom-build-pack[0m and container [32mstep-working-dir-initializer-sf79m[0m
{"level":"warn","ts":1585930507.8905299,"logger":"fallback-logger","caller":"logging/config.go:69","msg":"Fetch GitHub commit ID from kodata failed: open /var/run/ko/HEAD: no such file or directory"}
{"level":"info","ts":1585930507.8938982,"logger":"fallback-logger","caller":"bash/main.go:64","msg":"Successfully executed command \"sh -c mkdir -p /workspace/source\"; output "}

Showing logs for build [32mjmoliva-environment-jx-v3-stagi-s974h-1[0m stage [32mfrom-build-pack[0m and container [32mstep-place-tools[0m

Showing logs for build [32mjmoliva-environment-jx-v3-stagi-s974h-1[0m stage [32mfrom-build-pack[0m and container [32mstep-git-source-jmoliva-environment-jx-v3-stagi-s974h-26hjx[0m
{"level":"warn","ts":1585930511.9088054,"logger":"fallback-logger","caller":"logging/config.go:69","msg":"Fetch GitHub commit ID from kodata failed: \"ref: refs/heads/0.8.0-**-support-backwards-incompats\" is not a valid GitHub commit ID"}
{"level":"info","ts":1585930512.6367767,"logger":"fallback-logger","caller":"git/git.go:103","msg":"Successfully cloned https://github.com/*******/environment-**-v3-staging.git @ master in path /workspace/source"}

Showing logs for build [32mjmoliva-environment-jx-v3-stagi-s974h-1[0m stage [32mfrom-build-pack[0m and container [32mstep-git-merge[0m
Using SHAs from PULL_REFS=master:fc32eb1b12689b479856cb1b907aa5e6a8b337d5,8:731bd9389d2a566212475ae753f7b03c8a98984d
DEBUG: LC_ALL=C JX_LOG_LEVEL=error git fetch origin --unshallow 731bd9389d2a566212475ae753f7b03c8a98984d: fc32eb1b12689b479856cb1b907aa5e6a8b337d5:
DEBUG: ran git fetch --unshallow origin 731bd9389d2a566212475ae753f7b03c8a98984d: fc32eb1b12689b479856cb1b907aa5e6a8b337d5: in 
DEBUG: LC_ALL=C JX_LOG_LEVEL=error git branch
DEBUG: JX_LOG_LEVEL=error LC_ALL=C git checkout master
DEBUG: ran git checkout master in 
DEBUG: LC_ALL=C JX_LOG_LEVEL=error git reset --hard fc32eb1b12689b479856cb1b907aa5e6a8b337d5
DEBUG: ran git reset --hard fc32eb1b12689b479856cb1b907aa5e6a8b337d5 in 
DEBUG: LC_ALL=C JX_LOG_LEVEL=error git clean -fd .
DEBUG: ran clean --force -d . in 
DEBUG: LC_ALL=C JX_LOG_LEVEL=error git merge 731bd9389d2a566212475ae753f7b03c8a98984d
DEBUG: ran git merge 731bd9389d2a566212475ae753f7b03c8a98984d in 
DEBUG: LC_ALL=C JX_LOG_LEVEL=error git log --format=%H%x1f%an%x1f%ae%x1f%cn%x1f%ce%x1f%s%n%b%x1e fc32eb1b12689b479856cb1b907aa5e6a8b337d5..HEAD
Merged SHA 731bd9389d2a566212475ae753f7b03c8a98984d with commit message 'chore: Promote qs-**-v3 to version 0.0.10' into base branch master

Showing logs for build [32mjmoliva-environment-jx-v3-stagi-s974h-1[0m stage [32mfrom-build-pack[0m and container [32mstep-build-helm-build[0m
WARNING: No $CHART_REPOSITORY defined so using the default value of: http://jenkins-x-chartmuseum:8080
Adding missing Helm repo: storage.googleapis.com https://storage.googleapis.com/chartmuseum.jenkins-x.io
Successfully added Helm repository storage.googleapis.com.
Adding missing Helm repo: jenkins-x-chartmuseum http://jenkins-x-chartmuseum:8080
Successfully added Helm repository jenkins-x-chartmuseum.
WARNING: No $CHART_REPOSITORY defined so using the default value of: http://jenkins-x-chartmuseum:8080
Adding missing Helm repo: chartmuseum.jenkins-x.io http://chartmuseum.jenkins-x.io
Successfully added Helm repository chartmuseum.jenkins-x.io.
