
Showing logs for build [32mjmoliva-environment-jx-v3-stagi-2brz2-1[0m stage [32mfrom-build-pack[0m and container [32mstep-credential-initializer-4tmr5[0m
{"level":"warn","ts":1585930112.1114588,"logger":"fallback-logger","caller":"logging/config.go:69","msg":"Fetch GitHub commit ID from kodata failed: \"ref: refs/heads/0.8.0-**-support-backwards-incompats\" is not a valid GitHub commit ID"}
{"level":"info","ts":1585930112.111801,"logger":"fallback-logger","caller":"creds-init/main.go:40","msg":"Credentials initialized."}

Showing logs for build [32mjmoliva-environment-jx-v3-stagi-2brz2-1[0m stage [32mfrom-build-pack[0m and container [32mstep-working-dir-initializer-6h5b6[0m
{"level":"warn","ts":1585930112.854243,"logger":"fallback-logger","caller":"logging/config.go:69","msg":"Fetch GitHub commit ID from kodata failed: open /var/run/ko/HEAD: no such file or directory"}
{"level":"info","ts":1585930112.8560958,"logger":"fallback-logger","caller":"bash/main.go:64","msg":"Successfully executed command \"sh -c mkdir -p /workspace/source\"; output "}

Showing logs for build [32mjmoliva-environment-jx-v3-stagi-2brz2-1[0m stage [32mfrom-build-pack[0m and container [32mstep-place-tools[0m

Showing logs for build [32mjmoliva-environment-jx-v3-stagi-2brz2-1[0m stage [32mfrom-build-pack[0m and container [32mstep-git-source-jmoliva-environment-jx-v3-stagi-2brz2-s9phw[0m
{"level":"warn","ts":1585930116.8683808,"logger":"fallback-logger","caller":"logging/config.go:69","msg":"Fetch GitHub commit ID from kodata failed: \"ref: refs/heads/0.8.0-**-support-backwards-incompats\" is not a valid GitHub commit ID"}
{"level":"info","ts":1585930117.9509306,"logger":"fallback-logger","caller":"git/git.go:103","msg":"Successfully cloned https://github.com/*******/environment-**-v3-staging.git @ master in path /workspace/source"}

Showing logs for build [32mjmoliva-environment-jx-v3-stagi-2brz2-1[0m stage [32mfrom-build-pack[0m and container [32mstep-git-merge[0m
Using SHAs from PULL_REFS=master:9f2b09fbff48fefea7d6a154c823b7b390c6de77,7:b338457cd40a3680493c7fcbd6b70c1272417c0d
DEBUG: JX_LOG_LEVEL=error LC_ALL=C git fetch origin --unshallow b338457cd40a3680493c7fcbd6b70c1272417c0d: 9f2b09fbff48fefea7d6a154c823b7b390c6de77:
DEBUG: ran git fetch --unshallow origin b338457cd40a3680493c7fcbd6b70c1272417c0d: 9f2b09fbff48fefea7d6a154c823b7b390c6de77: in 
DEBUG: JX_LOG_LEVEL=error LC_ALL=C git branch
DEBUG: LC_ALL=C JX_LOG_LEVEL=error git checkout master
DEBUG: ran git checkout master in 
DEBUG: LC_ALL=C JX_LOG_LEVEL=error git reset --hard 9f2b09fbff48fefea7d6a154c823b7b390c6de77
DEBUG: ran git reset --hard 9f2b09fbff48fefea7d6a154c823b7b390c6de77 in 
DEBUG: LC_ALL=C JX_LOG_LEVEL=error git clean -fd .
DEBUG: ran clean --force -d . in 
DEBUG: LC_ALL=C JX_LOG_LEVEL=error git merge b338457cd40a3680493c7fcbd6b70c1272417c0d
DEBUG: ran git merge b338457cd40a3680493c7fcbd6b70c1272417c0d in 
DEBUG: LC_ALL=C JX_LOG_LEVEL=error git log --format=%H%x1f%an%x1f%ae%x1f%cn%x1f%ce%x1f%s%n%b%x1e 9f2b09fbff48fefea7d6a154c823b7b390c6de77..HEAD
Merged SHA b338457cd40a3680493c7fcbd6b70c1272417c0d with commit message 'chore: Promote qs-**-v3 to version 0.0.9' into base branch master

Showing logs for build [32mjmoliva-environment-jx-v3-stagi-2brz2-1[0m stage [32mfrom-build-pack[0m and container [32mstep-build-helm-build[0m
WARNING: No $CHART_REPOSITORY defined so using the default value of: http://jenkins-x-chartmuseum:8080
Adding missing Helm repo: storage.googleapis.com https://storage.googleapis.com/chartmuseum.jenkins-x.io
Successfully added Helm repository storage.googleapis.com.
Adding missing Helm repo: jenkins-x-chartmuseum http://jenkins-x-chartmuseum:8080
Successfully added Helm repository jenkins-x-chartmuseum.
WARNING: No $CHART_REPOSITORY defined so using the default value of: http://jenkins-x-chartmuseum:8080
Adding missing Helm repo: chartmuseum.jenkins-x.io http://chartmuseum.jenkins-x.io
Successfully added Helm repository chartmuseum.jenkins-x.io.
