
Showing logs for build [32mjmoliva-environment-jx-v3-stagi-xlmx6-1[0m stage [32mfrom-build-pack[0m and container [32mstep-credential-initializer-7gjlx[0m
{"level":"warn","ts":1585931234.8563821,"logger":"fallback-logger","caller":"logging/config.go:69","msg":"Fetch GitHub commit ID from kodata failed: \"ref: refs/heads/0.8.0-**-support-backwards-incompats\" is not a valid GitHub commit ID"}
{"level":"info","ts":1585931234.8568146,"logger":"fallback-logger","caller":"creds-init/main.go:40","msg":"Credentials initialized."}

Showing logs for build [32mjmoliva-environment-jx-v3-stagi-xlmx6-1[0m stage [32mfrom-build-pack[0m and container [32mstep-working-dir-initializer-55j4r[0m
{"level":"warn","ts":1585931235.86004,"logger":"fallback-logger","caller":"logging/config.go:69","msg":"Fetch GitHub commit ID from kodata failed: open /var/run/ko/HEAD: no such file or directory"}
{"level":"info","ts":1585931235.8621185,"logger":"fallback-logger","caller":"bash/main.go:64","msg":"Successfully executed command \"sh -c mkdir -p /workspace/source\"; output "}

Showing logs for build [32mjmoliva-environment-jx-v3-stagi-xlmx6-1[0m stage [32mfrom-build-pack[0m and container [32mstep-place-tools[0m

Showing logs for build [32mjmoliva-environment-jx-v3-stagi-xlmx6-1[0m stage [32mfrom-build-pack[0m and container [32mstep-git-source-jmoliva-environment-jx-v3-stagi-xlmx6-ccjxl[0m
{"level":"warn","ts":1585931239.8334744,"logger":"fallback-logger","caller":"logging/config.go:69","msg":"Fetch GitHub commit ID from kodata failed: \"ref: refs/heads/0.8.0-**-support-backwards-incompats\" is not a valid GitHub commit ID"}
{"level":"info","ts":1585931240.984932,"logger":"fallback-logger","caller":"git/git.go:103","msg":"Successfully cloned https://github.com/*******/environment-**-v3-staging.git @ master in path /workspace/source"}

Showing logs for build [32mjmoliva-environment-jx-v3-stagi-xlmx6-1[0m stage [32mfrom-build-pack[0m and container [32mstep-git-merge[0m
Using SHAs from PULL_REFS=master:dfee74a062255e770be52d3fd766cc41b6e808aa,9:b7a1b785e661829868239c1bea361ec6f8aa2448
DEBUG: LC_ALL=C JX_LOG_LEVEL=error git fetch origin --unshallow b7a1b785e661829868239c1bea361ec6f8aa2448: dfee74a062255e770be52d3fd766cc41b6e808aa:
DEBUG: ran git fetch --unshallow origin b7a1b785e661829868239c1bea361ec6f8aa2448: dfee74a062255e770be52d3fd766cc41b6e808aa: in 
DEBUG: LC_ALL=C JX_LOG_LEVEL=error git branch
DEBUG: LC_ALL=C JX_LOG_LEVEL=error git checkout master
DEBUG: ran git checkout master in 
DEBUG: LC_ALL=C JX_LOG_LEVEL=error git reset --hard dfee74a062255e770be52d3fd766cc41b6e808aa
DEBUG: ran git reset --hard dfee74a062255e770be52d3fd766cc41b6e808aa in 
DEBUG: LC_ALL=C JX_LOG_LEVEL=error git clean -fd .
DEBUG: ran clean --force -d . in 
DEBUG: LC_ALL=C JX_LOG_LEVEL=error git merge b7a1b785e661829868239c1bea361ec6f8aa2448
DEBUG: ran git merge b7a1b785e661829868239c1bea361ec6f8aa2448 in 
DEBUG: LC_ALL=C JX_LOG_LEVEL=error git log --format=%H%x1f%an%x1f%ae%x1f%cn%x1f%ce%x1f%s%n%b%x1e dfee74a062255e770be52d3fd766cc41b6e808aa..HEAD
Merged SHA b7a1b785e661829868239c1bea361ec6f8aa2448 with commit message 'chore: Promote qs-**-v3 to version 0.0.11' into base branch master

Showing logs for build [32mjmoliva-environment-jx-v3-stagi-xlmx6-1[0m stage [32mfrom-build-pack[0m and container [32mstep-build-helm-build[0m
WARNING: No $CHART_REPOSITORY defined so using the default value of: http://jenkins-x-chartmuseum:8080
Adding missing Helm repo: storage.googleapis.com https://storage.googleapis.com/chartmuseum.jenkins-x.io
Successfully added Helm repository storage.googleapis.com.
Adding missing Helm repo: jenkins-x-chartmuseum http://jenkins-x-chartmuseum:8080
Successfully added Helm repository jenkins-x-chartmuseum.
WARNING: No $CHART_REPOSITORY defined so using the default value of: http://jenkins-x-chartmuseum:8080
Adding missing Helm repo: chartmuseum.jenkins-x.io http://chartmuseum.jenkins-x.io
Successfully added Helm repository chartmuseum.jenkins-x.io.
