
Showing logs for build [32mjmoliva-environment-jx-v3-stagi-z7679-1[0m stage [32mfrom-build-pack[0m and container [32mstep-credential-initializer-4hptm[0m
{"level":"warn","ts":1586443690.2096128,"logger":"fallback-logger","caller":"logging/config.go:69","msg":"Fetch GitHub commit ID from kodata failed: \"ref: refs/heads/0.8.0-**-support-backwards-incompats\" is not a valid GitHub commit ID"}
{"level":"info","ts":1586443690.2104337,"logger":"fallback-logger","caller":"creds-init/main.go:40","msg":"Credentials initialized."}

Showing logs for build [32mjmoliva-environment-jx-v3-stagi-z7679-1[0m stage [32mfrom-build-pack[0m and container [32mstep-working-dir-initializer-tkwjr[0m
{"level":"warn","ts":1586443690.920918,"logger":"fallback-logger","caller":"logging/config.go:69","msg":"Fetch GitHub commit ID from kodata failed: open /var/run/ko/HEAD: no such file or directory"}
{"level":"info","ts":1586443690.9235618,"logger":"fallback-logger","caller":"bash/main.go:64","msg":"Successfully executed command \"sh -c mkdir -p /workspace/source\"; output "}

Showing logs for build [32mjmoliva-environment-jx-v3-stagi-z7679-1[0m stage [32mfrom-build-pack[0m and container [32mstep-place-tools[0m

Showing logs for build [32mjmoliva-environment-jx-v3-stagi-z7679-1[0m stage [32mfrom-build-pack[0m and container [32mstep-git-source-jmoliva-environment-jx-v3-stagi-z7679-lws6c[0m
{"level":"warn","ts":1586443694.9068189,"logger":"fallback-logger","caller":"logging/config.go:69","msg":"Fetch GitHub commit ID from kodata failed: \"ref: refs/heads/0.8.0-**-support-backwards-incompats\" is not a valid GitHub commit ID"}
{"level":"info","ts":1586443695.6330655,"logger":"fallback-logger","caller":"git/git.go:103","msg":"Successfully cloned https://github.com/*******/environment-**-v3-staging.git @ master in path /workspace/source"}

Showing logs for build [32mjmoliva-environment-jx-v3-stagi-z7679-1[0m stage [32mfrom-build-pack[0m and container [32mstep-git-merge[0m
Using SHAs from PULL_REFS=master:b44665a8bcddacd232544c06f70599eeb7b5d42a,12:c3f8cb565f339f804345d19fba020ef037dccc9a
DEBUG: LC_ALL=C JX_LOG_LEVEL=error git fetch origin --unshallow c3f8cb565f339f804345d19fba020ef037dccc9a: b44665a8bcddacd232544c06f70599eeb7b5d42a:
DEBUG: ran git fetch --unshallow origin c3f8cb565f339f804345d19fba020ef037dccc9a: b44665a8bcddacd232544c06f70599eeb7b5d42a: in 
DEBUG: JX_LOG_LEVEL=error LC_ALL=C git branch
DEBUG: LC_ALL=C JX_LOG_LEVEL=error git checkout master
DEBUG: ran git checkout master in 
DEBUG: LC_ALL=C JX_LOG_LEVEL=error git reset --hard b44665a8bcddacd232544c06f70599eeb7b5d42a
DEBUG: ran git reset --hard b44665a8bcddacd232544c06f70599eeb7b5d42a in 
DEBUG: LC_ALL=C JX_LOG_LEVEL=error git clean -fd .
DEBUG: ran clean --force -d . in 
DEBUG: LC_ALL=C JX_LOG_LEVEL=error git merge c3f8cb565f339f804345d19fba020ef037dccc9a
DEBUG: ran git merge c3f8cb565f339f804345d19fba020ef037dccc9a in 
DEBUG: LC_ALL=C JX_LOG_LEVEL=error git log --format=%H%x1f%an%x1f%ae%x1f%cn%x1f%ce%x1f%s%n%b%x1e b44665a8bcddacd232544c06f70599eeb7b5d42a..HEAD
Merged SHA c3f8cb565f339f804345d19fba020ef037dccc9a with commit message 'chore: Promote qs-**-v3 to version 0.0.14' into base branch master

Showing logs for build [32mjmoliva-environment-jx-v3-stagi-z7679-1[0m stage [32mfrom-build-pack[0m and container [32mstep-build-helm-build[0m
WARNING: No $CHART_REPOSITORY defined so using the default value of: http://jenkins-x-chartmuseum:8080
Adding missing Helm repo: storage.googleapis.com https://storage.googleapis.com/chartmuseum.jenkins-x.io
Successfully added Helm repository storage.googleapis.com.
Adding missing Helm repo: jenkins-x-chartmuseum http://jenkins-x-chartmuseum:8080
Successfully added Helm repository jenkins-x-chartmuseum.
WARNING: No $CHART_REPOSITORY defined so using the default value of: http://jenkins-x-chartmuseum:8080
Adding missing Helm repo: chartmuseum.jenkins-x.io http://chartmuseum.jenkins-x.io
Successfully added Helm repository chartmuseum.jenkins-x.io.
