
Showing logs for build [32mjmoliva-environment-jx-v3-stagi-6dcsq-1[0m stage [32mfrom-build-pack[0m and container [32mstep-credential-initializer-9jjrx[0m
{"level":"warn","ts":1585914591.7284875,"logger":"fallback-logger","caller":"logging/config.go:69","msg":"Fetch GitHub commit ID from kodata failed: \"ref: refs/heads/0.8.0-**-support-backwards-incompats\" is not a valid GitHub commit ID"}
{"level":"info","ts":1585914591.728891,"logger":"fallback-logger","caller":"creds-init/main.go:40","msg":"Credentials initialized."}

Showing logs for build [32mjmoliva-environment-jx-v3-stagi-6dcsq-1[0m stage [32mfrom-build-pack[0m and container [32mstep-working-dir-initializer-jmsw4[0m
{"level":"warn","ts":1585914593.098665,"logger":"fallback-logger","caller":"logging/config.go:69","msg":"Fetch GitHub commit ID from kodata failed: open /var/run/ko/HEAD: no such file or directory"}
{"level":"info","ts":1585914593.1010375,"logger":"fallback-logger","caller":"bash/main.go:64","msg":"Successfully executed command \"sh -c mkdir -p /workspace/source\"; output "}

Showing logs for build [32mjmoliva-environment-jx-v3-stagi-6dcsq-1[0m stage [32mfrom-build-pack[0m and container [32mstep-place-tools[0m

Showing logs for build [32mjmoliva-environment-jx-v3-stagi-6dcsq-1[0m stage [32mfrom-build-pack[0m and container [32mstep-git-source-jmoliva-environment-jx-v3-stagi-6dcsq-hs8hr[0m
{"level":"warn","ts":1585914596.1097343,"logger":"fallback-logger","caller":"logging/config.go:69","msg":"Fetch GitHub commit ID from kodata failed: \"ref: refs/heads/0.8.0-**-support-backwards-incompats\" is not a valid GitHub commit ID"}
{"level":"info","ts":1585914596.8251994,"logger":"fallback-logger","caller":"git/git.go:103","msg":"Successfully cloned https://github.com/*******/environment-**-v3-staging.git @ master in path /workspace/source"}

Showing logs for build [32mjmoliva-environment-jx-v3-stagi-6dcsq-1[0m stage [32mfrom-build-pack[0m and container [32mstep-git-merge[0m
Using SHAs from PULL_REFS=master:c703d9fe8e49c193382589f2a0ef2292130eb198,3:bb67caca1df5525143c3bc61c06b4f3755fbd3dc
DEBUG: LC_ALL=C JX_LOG_LEVEL=error git fetch origin --unshallow bb67caca1df5525143c3bc61c06b4f3755fbd3dc: c703d9fe8e49c193382589f2a0ef2292130eb198:
DEBUG: ran git fetch --unshallow origin bb67caca1df5525143c3bc61c06b4f3755fbd3dc: c703d9fe8e49c193382589f2a0ef2292130eb198: in 
DEBUG: LC_ALL=C JX_LOG_LEVEL=error git branch
DEBUG: LC_ALL=C JX_LOG_LEVEL=error git checkout master
DEBUG: ran git checkout master in 
DEBUG: LC_ALL=C JX_LOG_LEVEL=error git reset --hard c703d9fe8e49c193382589f2a0ef2292130eb198
DEBUG: ran git reset --hard c703d9fe8e49c193382589f2a0ef2292130eb198 in 
DEBUG: LC_ALL=C JX_LOG_LEVEL=error git clean -fd .
DEBUG: ran clean --force -d . in 
DEBUG: LC_ALL=C JX_LOG_LEVEL=error git merge bb67caca1df5525143c3bc61c06b4f3755fbd3dc
DEBUG: ran git merge bb67caca1df5525143c3bc61c06b4f3755fbd3dc in 
DEBUG: LC_ALL=C JX_LOG_LEVEL=error git log --format=%H%x1f%an%x1f%ae%x1f%cn%x1f%ce%x1f%s%n%b%x1e c703d9fe8e49c193382589f2a0ef2292130eb198..HEAD
Merged SHA bb67caca1df5525143c3bc61c06b4f3755fbd3dc with commit message 'chore: Promote qs-**-v3 to version 0.0.5' into base branch master

Showing logs for build [32mjmoliva-environment-jx-v3-stagi-6dcsq-1[0m stage [32mfrom-build-pack[0m and container [32mstep-build-helm-build[0m
WARNING: No $CHART_REPOSITORY defined so using the default value of: http://jenkins-x-chartmuseum:8080
Adding missing Helm repo: storage.googleapis.com https://storage.googleapis.com/chartmuseum.jenkins-x.io
Successfully added Helm repository storage.googleapis.com.
Adding missing Helm repo: jenkins-x-chartmuseum http://jenkins-x-chartmuseum:8080
Successfully added Helm repository jenkins-x-chartmuseum.
WARNING: No $CHART_REPOSITORY defined so using the default value of: http://jenkins-x-chartmuseum:8080
Adding missing Helm repo: chartmuseum.jenkins-x.io http://chartmuseum.jenkins-x.io
Successfully added Helm repository chartmuseum.jenkins-x.io.
