
Showing logs for build [32mjmoliva-environment-jx-v3-stagi-tzj8z-1[0m stage [32mfrom-build-pack[0m and container [32mstep-credential-initializer-jj6xk[0m
{"level":"warn","ts":1586441922.5333586,"logger":"fallback-logger","caller":"logging/config.go:69","msg":"Fetch GitHub commit ID from kodata failed: \"ref: refs/heads/0.8.0-**-support-backwards-incompats\" is not a valid GitHub commit ID"}
{"level":"info","ts":1586441922.5351667,"logger":"fallback-logger","caller":"creds-init/main.go:40","msg":"Credentials initialized."}

Showing logs for build [32mjmoliva-environment-jx-v3-stagi-tzj8z-1[0m stage [32mfrom-build-pack[0m and container [32mstep-working-dir-initializer-l4xgr[0m
{"level":"warn","ts":1586441923.2924702,"logger":"fallback-logger","caller":"logging/config.go:69","msg":"Fetch GitHub commit ID from kodata failed: open /var/run/ko/HEAD: no such file or directory"}
{"level":"info","ts":1586441923.30268,"logger":"fallback-logger","caller":"bash/main.go:64","msg":"Successfully executed command \"sh -c mkdir -p /workspace/source\"; output "}

Showing logs for build [32mjmoliva-environment-jx-v3-stagi-tzj8z-1[0m stage [32mfrom-build-pack[0m and container [32mstep-place-tools[0m

Showing logs for build [32mjmoliva-environment-jx-v3-stagi-tzj8z-1[0m stage [32mfrom-build-pack[0m and container [32mstep-git-source-jmoliva-environment-jx-v3-stagi-tzj8z-xkqc7[0m
{"level":"warn","ts":1586441927.3400912,"logger":"fallback-logger","caller":"logging/config.go:69","msg":"Fetch GitHub commit ID from kodata failed: \"ref: refs/heads/0.8.0-**-support-backwards-incompats\" is not a valid GitHub commit ID"}
{"level":"info","ts":1586441928.4606616,"logger":"fallback-logger","caller":"git/git.go:103","msg":"Successfully cloned https://github.com/*******/environment-**-v3-staging.git @ master in path /workspace/source"}

Showing logs for build [32mjmoliva-environment-jx-v3-stagi-tzj8z-1[0m stage [32mfrom-build-pack[0m and container [32mstep-git-merge[0m
Using SHAs from PULL_REFS=master:528bb2cd03a4307eb333962e7d5c355d29acbd0b,11:9c2468da4b14803f7b650281064adc14ec7a9f08
DEBUG: LC_ALL=C JX_LOG_LEVEL=error git fetch origin --unshallow 9c2468da4b14803f7b650281064adc14ec7a9f08: 528bb2cd03a4307eb333962e7d5c355d29acbd0b:
DEBUG: ran git fetch --unshallow origin 9c2468da4b14803f7b650281064adc14ec7a9f08: 528bb2cd03a4307eb333962e7d5c355d29acbd0b: in 
DEBUG: LC_ALL=C JX_LOG_LEVEL=error git branch
DEBUG: LC_ALL=C JX_LOG_LEVEL=error git checkout master
DEBUG: ran git checkout master in 
DEBUG: LC_ALL=C JX_LOG_LEVEL=error git reset --hard 528bb2cd03a4307eb333962e7d5c355d29acbd0b
DEBUG: ran git reset --hard 528bb2cd03a4307eb333962e7d5c355d29acbd0b in 
DEBUG: JX_LOG_LEVEL=error LC_ALL=C git clean -fd .
DEBUG: ran clean --force -d . in 
DEBUG: LC_ALL=C JX_LOG_LEVEL=error git merge 9c2468da4b14803f7b650281064adc14ec7a9f08
DEBUG: ran git merge 9c2468da4b14803f7b650281064adc14ec7a9f08 in 
DEBUG: LC_ALL=C JX_LOG_LEVEL=error git log --format=%H%x1f%an%x1f%ae%x1f%cn%x1f%ce%x1f%s%n%b%x1e 528bb2cd03a4307eb333962e7d5c355d29acbd0b..HEAD
Merged SHA 9c2468da4b14803f7b650281064adc14ec7a9f08 with commit message 'chore: Promote qs-**-v3 to version 0.0.13' into base branch master

Showing logs for build [32mjmoliva-environment-jx-v3-stagi-tzj8z-1[0m stage [32mfrom-build-pack[0m and container [32mstep-build-helm-build[0m
WARNING: No $CHART_REPOSITORY defined so using the default value of: http://jenkins-x-chartmuseum:8080
Adding missing Helm repo: storage.googleapis.com https://storage.googleapis.com/chartmuseum.jenkins-x.io
Successfully added Helm repository storage.googleapis.com.
Adding missing Helm repo: jenkins-x-chartmuseum http://jenkins-x-chartmuseum:8080
Successfully added Helm repository jenkins-x-chartmuseum.
WARNING: No $CHART_REPOSITORY defined so using the default value of: http://jenkins-x-chartmuseum:8080
Adding missing Helm repo: chartmuseum.jenkins-x.io http://chartmuseum.jenkins-x.io
Successfully added Helm repository chartmuseum.jenkins-x.io.
