
Showing logs for build [32mjmoliva-environment-jx-v3-stagi-rwdsx-1[0m stage [32mfrom-build-pack[0m and container [32mstep-credential-initializer-l7mj9[0m
{"level":"warn","ts":1585931253.7555919,"logger":"fallback-logger","caller":"logging/config.go:69","msg":"Fetch GitHub commit ID from kodata failed: \"ref: refs/heads/0.8.0-**-support-backwards-incompats\" is not a valid GitHub commit ID"}
{"level":"info","ts":1585931253.7559237,"logger":"fallback-logger","caller":"creds-init/main.go:40","msg":"Credentials initialized."}

Showing logs for build [32mjmoliva-environment-jx-v3-stagi-rwdsx-1[0m stage [32mfrom-build-pack[0m and container [32mstep-working-dir-initializer-s5dsf[0m
{"level":"warn","ts":1585931255.0698545,"logger":"fallback-logger","caller":"logging/config.go:69","msg":"Fetch GitHub commit ID from kodata failed: open /var/run/ko/HEAD: no such file or directory"}
{"level":"info","ts":1585931255.0712252,"logger":"fallback-logger","caller":"bash/main.go:64","msg":"Successfully executed command \"sh -c mkdir -p /workspace/source\"; output "}

Showing logs for build [32mjmoliva-environment-jx-v3-stagi-rwdsx-1[0m stage [32mfrom-build-pack[0m and container [32mstep-place-tools[0m

Showing logs for build [32mjmoliva-environment-jx-v3-stagi-rwdsx-1[0m stage [32mfrom-build-pack[0m and container [32mstep-git-source-jmoliva-environment-jx-v3-stagi-rwdsx-bkkdr[0m
{"level":"warn","ts":1585931259.0606878,"logger":"fallback-logger","caller":"logging/config.go:69","msg":"Fetch GitHub commit ID from kodata failed: \"ref: refs/heads/0.8.0-**-support-backwards-incompats\" is not a valid GitHub commit ID"}
{"level":"info","ts":1585931259.7000015,"logger":"fallback-logger","caller":"git/git.go:103","msg":"Successfully cloned https://github.com/*******/environment-**-v3-staging.git @ master in path /workspace/source"}

Showing logs for build [32mjmoliva-environment-jx-v3-stagi-rwdsx-1[0m stage [32mfrom-build-pack[0m and container [32mstep-git-merge[0m
Using SHAs from PULL_REFS=master:dfee74a062255e770be52d3fd766cc41b6e808aa,10:b314215ad7834fd6d416fc1595476b0e40e27414
DEBUG: LC_ALL=C JX_LOG_LEVEL=error git fetch origin --unshallow b314215ad7834fd6d416fc1595476b0e40e27414: dfee74a062255e770be52d3fd766cc41b6e808aa:
DEBUG: ran git fetch --unshallow origin b314215ad7834fd6d416fc1595476b0e40e27414: dfee74a062255e770be52d3fd766cc41b6e808aa: in 
DEBUG: LC_ALL=C JX_LOG_LEVEL=error git branch
DEBUG: LC_ALL=C JX_LOG_LEVEL=error git checkout master
DEBUG: ran git checkout master in 
DEBUG: LC_ALL=C JX_LOG_LEVEL=error git reset --hard dfee74a062255e770be52d3fd766cc41b6e808aa
DEBUG: ran git reset --hard dfee74a062255e770be52d3fd766cc41b6e808aa in 
DEBUG: LC_ALL=C JX_LOG_LEVEL=error git clean -fd .
DEBUG: ran clean --force -d . in 
DEBUG: LC_ALL=C JX_LOG_LEVEL=error git merge b314215ad7834fd6d416fc1595476b0e40e27414
DEBUG: ran git merge b314215ad7834fd6d416fc1595476b0e40e27414 in 
DEBUG: JX_LOG_LEVEL=error LC_ALL=C git log --format=%H%x1f%an%x1f%ae%x1f%cn%x1f%ce%x1f%s%n%b%x1e dfee74a062255e770be52d3fd766cc41b6e808aa..HEAD
Merged SHA b314215ad7834fd6d416fc1595476b0e40e27414 with commit message 'chore: Promote qs-**-v3 to version 0.0.12' into base branch master

Showing logs for build [32mjmoliva-environment-jx-v3-stagi-rwdsx-1[0m stage [32mfrom-build-pack[0m and container [32mstep-build-helm-build[0m
WARNING: No $CHART_REPOSITORY defined so using the default value of: http://jenkins-x-chartmuseum:8080
Adding missing Helm repo: storage.googleapis.com https://storage.googleapis.com/chartmuseum.jenkins-x.io
Successfully added Helm repository storage.googleapis.com.
Adding missing Helm repo: jenkins-x-chartmuseum http://jenkins-x-chartmuseum:8080
Successfully added Helm repository jenkins-x-chartmuseum.
WARNING: No $CHART_REPOSITORY defined so using the default value of: http://jenkins-x-chartmuseum:8080
Adding missing Helm repo: chartmuseum.jenkins-x.io http://chartmuseum.jenkins-x.io
Successfully added Helm repository chartmuseum.jenkins-x.io.
