
Showing logs for build [32mmeta-jmoliva-environment-jx-v3-t7hp8-2[0m stage [32mmeta-pipeline[0m and container [32mstep-credential-initializer-2m5gx[0m
{"level":"warn","ts":1586442007.5681372,"logger":"fallback-logger","caller":"logging/config.go:69","msg":"Fetch GitHub commit ID from kodata failed: \"ref: refs/heads/0.8.0-**-support-backwards-incompats\" is not a valid GitHub commit ID"}
{"level":"info","ts":1586442007.568453,"logger":"fallback-logger","caller":"creds-init/main.go:40","msg":"Credentials initialized."}

Showing logs for build [32mmeta-jmoliva-environment-jx-v3-t7hp8-2[0m stage [32mmeta-pipeline[0m and container [32mstep-working-dir-initializer-pz6d7[0m
{"level":"warn","ts":1586442008.6231976,"logger":"fallback-logger","caller":"logging/config.go:69","msg":"Fetch GitHub commit ID from kodata failed: open /var/run/ko/HEAD: no such file or directory"}
{"level":"info","ts":1586442008.6243913,"logger":"fallback-logger","caller":"bash/main.go:64","msg":"Successfully executed command \"sh -c mkdir -p /workspace/source\"; output "}

Showing logs for build [32mmeta-jmoliva-environment-jx-v3-t7hp8-2[0m stage [32mmeta-pipeline[0m and container [32mstep-place-tools[0m

Showing logs for build [32mmeta-jmoliva-environment-jx-v3-t7hp8-2[0m stage [32mmeta-pipeline[0m and container [32mstep-git-source-meta-jmoliva-environment-jx-v3-t7hp8-qccr6[0m
{"level":"warn","ts":1586442012.642355,"logger":"fallback-logger","caller":"logging/config.go:69","msg":"Fetch GitHub commit ID from kodata failed: \"ref: refs/heads/0.8.0-**-support-backwards-incompats\" is not a valid GitHub commit ID"}
{"level":"info","ts":1586442013.7187426,"logger":"fallback-logger","caller":"git/git.go:103","msg":"Successfully cloned https://github.com/*******/environment-**-v3-staging.git @ b44665a8bcddacd232544c06f70599eeb7b5d42a in path /workspace/source"}

Showing logs for build [32mmeta-jmoliva-environment-jx-v3-t7hp8-2[0m stage [32mmeta-pipeline[0m and container [32mstep-git-merge[0m
Using SHAs from PULL_REFS=master:b44665a8bcddacd232544c06f70599eeb7b5d42a,10:b314215ad7834fd6d416fc1595476b0e40e27414
DEBUG: LC_ALL=C JX_LOG_LEVEL=error git fetch origin --unshallow b314215ad7834fd6d416fc1595476b0e40e27414: b44665a8bcddacd232544c06f70599eeb7b5d42a:
DEBUG: ran git fetch --unshallow origin b314215ad7834fd6d416fc1595476b0e40e27414: b44665a8bcddacd232544c06f70599eeb7b5d42a: in 
DEBUG: LC_ALL=C JX_LOG_LEVEL=error git branch
DEBUG: LC_ALL=C JX_LOG_LEVEL=error git checkout master
DEBUG: ran git checkout master in 
DEBUG: LC_ALL=C JX_LOG_LEVEL=error git reset --hard b44665a8bcddacd232544c06f70599eeb7b5d42a
DEBUG: ran git reset --hard b44665a8bcddacd232544c06f70599eeb7b5d42a in 
DEBUG: LC_ALL=C JX_LOG_LEVEL=error git clean -fd .
DEBUG: ran clean --force -d . in 
DEBUG: LC_ALL=C JX_LOG_LEVEL=error git merge b314215ad7834fd6d416fc1595476b0e40e27414
error: error during merge: merging b314215ad7834fd6d416fc1595476b0e40e27414 into master: git output: Auto-merging env/requirements.yaml
CONFLICT (content): Merge conflict in env/requirements.yaml
Automatic merge failed; fix conflicts and then commit the result.: failed to run 'git merge b314215ad7834fd6d416fc1595476b0e40e27414' command in directory '', output: 'Auto-merging env/requirements.yaml
CONFLICT (content): Merge conflict in env/requirements.yaml
Automatic merge failed; fix conflicts and then commit the result.'
[31m
Pipeline failed on stage 'meta-pipeline' : container 'step-git-merge'. The execution of the pipeline has stopped.[0m
