
Showing logs for build [32mjmoliva-environment-jx-v3-stagi-7jf2d-1[0m stage [32mfrom-build-pack[0m and container [32mstep-credential-initializer-shk6s[0m
{"level":"warn","ts":1585917081.6106834,"logger":"fallback-logger","caller":"logging/config.go:69","msg":"Fetch GitHub commit ID from kodata failed: \"ref: refs/heads/0.8.0-**-support-backwards-incompats\" is not a valid GitHub commit ID"}
{"level":"info","ts":1585917081.6114757,"logger":"fallback-logger","caller":"creds-init/main.go:40","msg":"Credentials initialized."}

Showing logs for build [32mjmoliva-environment-jx-v3-stagi-7jf2d-1[0m stage [32mfrom-build-pack[0m and container [32mstep-working-dir-initializer-r86pr[0m
{"level":"warn","ts":1585917082.5722349,"logger":"fallback-logger","caller":"logging/config.go:69","msg":"Fetch GitHub commit ID from kodata failed: open /var/run/ko/HEAD: no such file or directory"}
{"level":"info","ts":1585917082.5747836,"logger":"fallback-logger","caller":"bash/main.go:64","msg":"Successfully executed command \"sh -c mkdir -p /workspace/source\"; output "}

Showing logs for build [32mjmoliva-environment-jx-v3-stagi-7jf2d-1[0m stage [32mfrom-build-pack[0m and container [32mstep-place-tools[0m

Showing logs for build [32mjmoliva-environment-jx-v3-stagi-7jf2d-1[0m stage [32mfrom-build-pack[0m and container [32mstep-git-source-jmoliva-environment-jx-v3-stagi-7jf2d-dgx89[0m
{"level":"warn","ts":1585917085.5663977,"logger":"fallback-logger","caller":"logging/config.go:69","msg":"Fetch GitHub commit ID from kodata failed: \"ref: refs/heads/0.8.0-**-support-backwards-incompats\" is not a valid GitHub commit ID"}
{"level":"info","ts":1585917086.3340595,"logger":"fallback-logger","caller":"git/git.go:103","msg":"Successfully cloned https://github.com/*******/environment-**-v3-staging.git @ master in path /workspace/source"}

Showing logs for build [32mjmoliva-environment-jx-v3-stagi-7jf2d-1[0m stage [32mfrom-build-pack[0m and container [32mstep-git-merge[0m
Using SHAs from PULL_REFS=master:3d4e700570344604b7f3b6f654c91b17a54c220e,4:6393ee40fb923d0069d8b937eb291de5e203894b
DEBUG: LC_ALL=C JX_LOG_LEVEL=error git fetch origin --unshallow 6393ee40fb923d0069d8b937eb291de5e203894b: 3d4e700570344604b7f3b6f654c91b17a54c220e:
DEBUG: ran git fetch --unshallow origin 6393ee40fb923d0069d8b937eb291de5e203894b: 3d4e700570344604b7f3b6f654c91b17a54c220e: in 
DEBUG: LC_ALL=C JX_LOG_LEVEL=error git branch
DEBUG: LC_ALL=C JX_LOG_LEVEL=error git checkout master
DEBUG: ran git checkout master in 
DEBUG: LC_ALL=C JX_LOG_LEVEL=error git reset --hard 3d4e700570344604b7f3b6f654c91b17a54c220e
DEBUG: ran git reset --hard 3d4e700570344604b7f3b6f654c91b17a54c220e in 
DEBUG: LC_ALL=C JX_LOG_LEVEL=error git clean -fd .
DEBUG: ran clean --force -d . in 
DEBUG: LC_ALL=C JX_LOG_LEVEL=error git merge 6393ee40fb923d0069d8b937eb291de5e203894b
DEBUG: ran git merge 6393ee40fb923d0069d8b937eb291de5e203894b in 
DEBUG: LC_ALL=C JX_LOG_LEVEL=error git log --format=%H%x1f%an%x1f%ae%x1f%cn%x1f%ce%x1f%s%n%b%x1e 3d4e700570344604b7f3b6f654c91b17a54c220e..HEAD
Merged SHA 6393ee40fb923d0069d8b937eb291de5e203894b with commit message 'chore: Promote qs-**-v3 to version 0.0.6' into base branch master

Showing logs for build [32mjmoliva-environment-jx-v3-stagi-7jf2d-1[0m stage [32mfrom-build-pack[0m and container [32mstep-build-helm-build[0m
WARNING: No $CHART_REPOSITORY defined so using the default value of: http://jenkins-x-chartmuseum:8080
Adding missing Helm repo: storage.googleapis.com https://storage.googleapis.com/chartmuseum.jenkins-x.io
Successfully added Helm repository storage.googleapis.com.
Adding missing Helm repo: jenkins-x-chartmuseum http://jenkins-x-chartmuseum:8080
Successfully added Helm repository jenkins-x-chartmuseum.
WARNING: No $CHART_REPOSITORY defined so using the default value of: http://jenkins-x-chartmuseum:8080
Adding missing Helm repo: chartmuseum.jenkins-x.io http://chartmuseum.jenkins-x.io
Successfully added Helm repository chartmuseum.jenkins-x.io.
